[08-Aug-2024 23:19:14 Asia/Jakarta] PHP Parse error:  syntax error, unexpected '|', expecting variable (T_VARIABLE) in /home/simaskar/siapnaz.simaskarsen.id/vendor/nunomaduro/termwind/src/Functions.php on line 17
[08-Aug-2024 23:19:18 Asia/Jakarta] PHP Parse error:  syntax error, unexpected '|', expecting variable (T_VARIABLE) in /home/simaskar/siapnaz.simaskarsen.id/vendor/nunomaduro/termwind/src/Functions.php on line 17
[09-Aug-2024 08:41:36 Asia/Jakarta] PHP Parse error:  syntax error, unexpected '|', expecting variable (T_VARIABLE) in /home/simaskar/siapnaz.simaskarsen.id/vendor/nunomaduro/termwind/src/Functions.php on line 17
[09-Aug-2024 09:00:45 Asia/Jakarta] PHP Parse error:  syntax error, unexpected '|', expecting variable (T_VARIABLE) in /home/simaskar/siapnaz.simaskarsen.id/vendor/nunomaduro/termwind/src/Functions.php on line 17
[09-Aug-2024 09:00:57 Asia/Jakarta] PHP Parse error:  syntax error, unexpected '|', expecting variable (T_VARIABLE) in /home/simaskar/siapnaz.simaskarsen.id/vendor/nunomaduro/termwind/src/Functions.php on line 17
[09-Aug-2024 09:05:30 Asia/Jakarta] PHP Parse error:  syntax error, unexpected '|', expecting variable (T_VARIABLE) in /home/simaskar/siapnaz.simaskarsen.id/vendor/nunomaduro/termwind/src/Functions.php on line 17
[09-Aug-2024 09:21:31 Asia/Jakarta] PHP Parse error:  syntax error, unexpected '|', expecting variable (T_VARIABLE) in /home/simaskar/siapnaz.simaskarsen.id/vendor/nunomaduro/termwind/src/Functions.php on line 17
[09-Aug-2024 09:21:32 Asia/Jakarta] PHP Parse error:  syntax error, unexpected '|', expecting variable (T_VARIABLE) in /home/simaskar/siapnaz.simaskarsen.id/vendor/nunomaduro/termwind/src/Functions.php on line 17
[09-Aug-2024 09:21:41 Asia/Jakarta] PHP Parse error:  syntax error, unexpected '|', expecting variable (T_VARIABLE) in /home/simaskar/siapnaz.simaskarsen.id/vendor/nunomaduro/termwind/src/Functions.php on line 17
[09-Aug-2024 10:49:08 Asia/Jakarta] PHP Parse error:  syntax error, unexpected '|', expecting variable (T_VARIABLE) in /home/simaskar/siapnaz.simaskarsen.id/vendor/nunomaduro/termwind/src/Functions.php on line 17
[09-Aug-2024 10:49:10 Asia/Jakarta] PHP Parse error:  syntax error, unexpected '|', expecting variable (T_VARIABLE) in /home/simaskar/siapnaz.simaskarsen.id/vendor/nunomaduro/termwind/src/Functions.php on line 17
[09-Aug-2024 10:55:48 Asia/Jakarta] PHP Parse error:  syntax error, unexpected '|', expecting variable (T_VARIABLE) in /home/simaskar/siapnaz.simaskarsen.id/vendor/nunomaduro/termwind/src/Functions.php on line 17
[09-Aug-2024 11:07:25 Asia/Jakarta] PHP Parse error:  syntax error, unexpected '|', expecting variable (T_VARIABLE) in /home/simaskar/siapnaz.simaskarsen.id/vendor/nunomaduro/termwind/src/Functions.php on line 17
[09-Aug-2024 11:14:18 Asia/Jakarta] PHP Warning:  require(/home/simaskar/siapnaz.simaskarsen.idhttps://siapnaz.simaskarsen.id/vendor/autoload.php): failed to open stream: No such file or directory in /home/simaskar/siapnaz.simaskarsen.id/index.php on line 34
[09-Aug-2024 11:14:18 Asia/Jakarta] PHP Fatal error:  require(): Failed opening required '/home/simaskar/siapnaz.simaskarsen.idhttps://siapnaz.simaskarsen.id/vendor/autoload.php' (include_path='.:/opt/alt/php74/usr/share/pear') in /home/simaskar/siapnaz.simaskarsen.id/index.php on line 34
[09-Aug-2024 11:15:57 Asia/Jakarta] PHP Warning:  require(/home/simaskar/siapnaz.simaskarsen.idhttps://siapnaz.simaskarsen.id/vendor/autoload.php): failed to open stream: No such file or directory in /home/simaskar/siapnaz.simaskarsen.id/index.php on line 34
[09-Aug-2024 11:15:57 Asia/Jakarta] PHP Fatal error:  require(): Failed opening required '/home/simaskar/siapnaz.simaskarsen.idhttps://siapnaz.simaskarsen.id/vendor/autoload.php' (include_path='.:/opt/alt/php74/usr/share/pear') in /home/simaskar/siapnaz.simaskarsen.id/index.php on line 34
[09-Aug-2024 11:16:02 Asia/Jakarta] PHP Warning:  require(/home/simaskar/siapnaz.simaskarsen.idhttps://siapnaz.simaskarsen.id/vendor/autoload.php): failed to open stream: No such file or directory in /home/simaskar/siapnaz.simaskarsen.id/index.php on line 34
[09-Aug-2024 11:16:02 Asia/Jakarta] PHP Fatal error:  require(): Failed opening required '/home/simaskar/siapnaz.simaskarsen.idhttps://siapnaz.simaskarsen.id/vendor/autoload.php' (include_path='.:/opt/alt/php74/usr/share/pear') in /home/simaskar/siapnaz.simaskarsen.id/index.php on line 34
[09-Aug-2024 11:18:09 Asia/Jakarta] PHP Warning:  require(/home/simaskar/siapnaz.simaskarsen.idhttps://siapnaz.simaskarsen.id/vendor/autoload.php): failed to open stream: No such file or directory in /home/simaskar/siapnaz.simaskarsen.id/index.php on line 34
[09-Aug-2024 11:18:09 Asia/Jakarta] PHP Fatal error:  require(): Failed opening required '/home/simaskar/siapnaz.simaskarsen.idhttps://siapnaz.simaskarsen.id/vendor/autoload.php' (include_path='.:/opt/alt/php74/usr/share/pear') in /home/simaskar/siapnaz.simaskarsen.id/index.php on line 34
[09-Aug-2024 11:20:38 Asia/Jakarta] PHP Parse error:  syntax error, unexpected '|', expecting variable (T_VARIABLE) in /home/simaskar/siapnaz.simaskarsen.id/vendor/nunomaduro/termwind/src/Functions.php on line 17
[09-Aug-2024 11:20:39 Asia/Jakarta] PHP Parse error:  syntax error, unexpected '|', expecting variable (T_VARIABLE) in /home/simaskar/siapnaz.simaskarsen.id/vendor/nunomaduro/termwind/src/Functions.php on line 17
[09-Aug-2024 11:20:40 Asia/Jakarta] PHP Parse error:  syntax error, unexpected '|', expecting variable (T_VARIABLE) in /home/simaskar/siapnaz.simaskarsen.id/vendor/nunomaduro/termwind/src/Functions.php on line 17
[09-Aug-2024 11:20:40 Asia/Jakarta] PHP Parse error:  syntax error, unexpected '|', expecting variable (T_VARIABLE) in /home/simaskar/siapnaz.simaskarsen.id/vendor/nunomaduro/termwind/src/Functions.php on line 17
[09-Aug-2024 11:20:40 Asia/Jakarta] PHP Parse error:  syntax error, unexpected '|', expecting variable (T_VARIABLE) in /home/simaskar/siapnaz.simaskarsen.id/vendor/nunomaduro/termwind/src/Functions.php on line 17
[09-Aug-2024 11:20:40 Asia/Jakarta] PHP Parse error:  syntax error, unexpected '|', expecting variable (T_VARIABLE) in /home/simaskar/siapnaz.simaskarsen.id/vendor/nunomaduro/termwind/src/Functions.php on line 17
[09-Aug-2024 11:20:41 Asia/Jakarta] PHP Parse error:  syntax error, unexpected '|', expecting variable (T_VARIABLE) in /home/simaskar/siapnaz.simaskarsen.id/vendor/nunomaduro/termwind/src/Functions.php on line 17
[09-Aug-2024 11:21:09 Asia/Jakarta] PHP Parse error:  syntax error, unexpected '|', expecting variable (T_VARIABLE) in /home/simaskar/siapnaz.simaskarsen.id/vendor/nunomaduro/termwind/src/Functions.php on line 17
[09-Aug-2024 11:21:10 Asia/Jakarta] PHP Parse error:  syntax error, unexpected '|', expecting variable (T_VARIABLE) in /home/simaskar/siapnaz.simaskarsen.id/vendor/nunomaduro/termwind/src/Functions.php on line 17
[09-Aug-2024 11:21:12 Asia/Jakarta] PHP Parse error:  syntax error, unexpected '|', expecting variable (T_VARIABLE) in /home/simaskar/siapnaz.simaskarsen.id/vendor/nunomaduro/termwind/src/Functions.php on line 17
[09-Aug-2024 11:21:16 Asia/Jakarta] PHP Parse error:  syntax error, unexpected '|', expecting variable (T_VARIABLE) in /home/simaskar/siapnaz.simaskarsen.id/vendor/nunomaduro/termwind/src/Functions.php on line 17
[24-Aug-2024 01:43:41 UTC] PHP Warning:  include(/home/simaskar/siapnaz.simaskarsen.id/vendor/composer/../../app/Http/Kernel.php): Failed to open stream: No such file or directory in /home/simaskar/siapnaz.simaskarsen.id/vendor/composer/ClassLoader.php on line 576
[24-Aug-2024 01:43:41 UTC] PHP Warning:  include(): Failed opening '/home/simaskar/siapnaz.simaskarsen.id/vendor/composer/../../app/Http/Kernel.php' for inclusion (include_path='.:/opt/alt/php80/usr/share/pear:/opt/alt/php80/usr/share/php:/usr/share/pear:/usr/share/php') in /home/simaskar/siapnaz.simaskarsen.id/vendor/composer/ClassLoader.php on line 576
[24-Aug-2024 01:43:41 UTC] PHP Fatal error:  Uncaught ReflectionException: Class "App\Http\Kernel" does not exist in /home/simaskar/siapnaz.simaskarsen.id/vendor/laravel/framework/src/Illuminate/Container/Container.php:889
Stack trace:
#0 /home/simaskar/siapnaz.simaskarsen.id/vendor/laravel/framework/src/Illuminate/Container/Container.php(889): ReflectionClass->__construct()
#1 /home/simaskar/siapnaz.simaskarsen.id/vendor/laravel/framework/src/Illuminate/Container/Container.php(770): Illuminate\Container\Container->build()
#2 /home/simaskar/siapnaz.simaskarsen.id/vendor/laravel/framework/src/Illuminate/Foundation/Application.php(856): Illuminate\Container\Container->resolve()
#3 /home/simaskar/siapnaz.simaskarsen.id/vendor/laravel/framework/src/Illuminate/Container/Container.php(296): Illuminate\Foundation\Application->resolve()
#4 /home/simaskar/siapnaz.simaskarsen.id/vendor/laravel/framework/src/Illuminate/Container/Container.php(885): Illuminate\Container\Container->Illuminate\Container\{closure}()
#5 /home/simaskar/siapnaz.simaskarsen.id/vendor/laravel/framework/src/Illuminate/Container/Container.php(770): Illuminate\Container\Container->build()
#6 /home/simaskar/siapnaz.simaskarsen.id/vendor/laravel/framework/src/Illuminate/Foundation/Application.php(856): Illuminate\Container\Container->resolve()
#7 /home/simaskar/siapnaz.simaskarsen.id/vendor/laravel/framework/src/Illuminate/Container/Container.php(706): Illuminate\Foundation\Application->resolve()
#8 /home/simaskar/siapnaz.simaskarsen.id/vendor/laravel/framework/src/Illuminate/Foundation/Application.php(841): Illuminate\Container\Container->make()
#9 /home/simaskar/siapnaz.simaskarsen.id/index.php(49): Illuminate\Foundation\Application->make()
#10 {main}

Next Illuminate\Contracts\Container\BindingResolutionException: Target class [App\Http\Kernel] does not exist. in /home/simaskar/siapnaz.simaskarsen.id/vendor/laravel/framework/src/Illuminate/Container/Container.php:891
Stack trace:
#0 /home/simaskar/siapnaz.simaskarsen.id/vendor/laravel/framework/src/Illuminate/Container/Container.php(770): Illuminate\Container\Container->build()
#1 /home/simaskar/siapnaz.simaskarsen.id/vendor/laravel/framework/src/Illuminate/Foundation/Application.php(856): Illuminate\Container\Container->resolve()
#2 /home/simaskar/siapnaz.simaskarsen.id/vendor/laravel/framework/src/Illuminate/Container/Container.php(296): Illuminate\Foundation\Application->resolve()
#3 /home/simaskar/siapnaz.simaskarsen.id/vendor/laravel/framework/src/Illuminate/Container/Container.php(885): Illuminate\Container\Container->Illuminate\Container\{closure}()
#4 /home/simaskar/siapnaz.simaskarsen.id/vendor/laravel/framework/src/Illuminate/Container/Container.php(770): Illuminate\Container\Container->build()
#5 /home/simaskar/siapnaz.simaskarsen.id/vendor/laravel/framework/src/Illuminate/Foundation/Application.php(856): Illuminate\Container\Container->resolve()
#6 /home/simaskar/siapnaz.simaskarsen.id/vendor/laravel/framework/src/Illuminate/Container/Container.php(706): Illuminate\Foundation\Application->resolve()
#7 /home/simaskar/siapnaz.simaskarsen.id/vendor/laravel/framework/src/Illuminate/Foundation/Application.php(841): Illuminate\Container\Container->make()
#8 /home/simaskar/siapnaz.simaskarsen.id/index.php(49): Illuminate\Foundation\Application->make()
#9 {main}
  thrown in /home/simaskar/siapnaz.simaskarsen.id/vendor/laravel/framework/src/Illuminate/Container/Container.php on line 891
[24-Aug-2024 01:43:41 UTC] PHP Warning:  include(/home/simaskar/siapnaz.simaskarsen.id/vendor/composer/../../app/Http/Kernel.php): Failed to open stream: No such file or directory in /home/simaskar/siapnaz.simaskarsen.id/vendor/composer/ClassLoader.php on line 576
[24-Aug-2024 01:43:41 UTC] PHP Warning:  include(): Failed opening '/home/simaskar/siapnaz.simaskarsen.id/vendor/composer/../../app/Http/Kernel.php' for inclusion (include_path='.:/opt/alt/php80/usr/share/pear:/opt/alt/php80/usr/share/php:/usr/share/pear:/usr/share/php') in /home/simaskar/siapnaz.simaskarsen.id/vendor/composer/ClassLoader.php on line 576
[24-Aug-2024 01:43:41 UTC] PHP Fatal error:  Uncaught ReflectionException: Class "App\Http\Kernel" does not exist in /home/simaskar/siapnaz.simaskarsen.id/vendor/laravel/framework/src/Illuminate/Container/Container.php:889
Stack trace:
#0 /home/simaskar/siapnaz.simaskarsen.id/vendor/laravel/framework/src/Illuminate/Container/Container.php(889): ReflectionClass->__construct()
#1 /home/simaskar/siapnaz.simaskarsen.id/vendor/laravel/framework/src/Illuminate/Container/Container.php(770): Illuminate\Container\Container->build()
#2 /home/simaskar/siapnaz.simaskarsen.id/vendor/laravel/framework/src/Illuminate/Foundation/Application.php(856): Illuminate\Container\Container->resolve()
#3 /home/simaskar/siapnaz.simaskarsen.id/vendor/laravel/framework/src/Illuminate/Container/Container.php(296): Illuminate\Foundation\Application->resolve()
#4 /home/simaskar/siapnaz.simaskarsen.id/vendor/laravel/framework/src/Illuminate/Container/Container.php(885): Illuminate\Container\Container->Illuminate\Container\{closure}()
#5 /home/simaskar/siapnaz.simaskarsen.id/vendor/laravel/framework/src/Illuminate/Container/Container.php(770): Illuminate\Container\Container->build()
#6 /home/simaskar/siapnaz.simaskarsen.id/vendor/laravel/framework/src/Illuminate/Foundation/Application.php(856): Illuminate\Container\Container->resolve()
#7 /home/simaskar/siapnaz.simaskarsen.id/vendor/laravel/framework/src/Illuminate/Container/Container.php(706): Illuminate\Foundation\Application->resolve()
#8 /home/simaskar/siapnaz.simaskarsen.id/vendor/laravel/framework/src/Illuminate/Foundation/Application.php(841): Illuminate\Container\Container->make()
#9 /home/simaskar/siapnaz.simaskarsen.id/index.php(49): Illuminate\Foundation\Application->make()
#10 {main}

Next Illuminate\Contracts\Container\BindingResolutionException: Target class [App\Http\Kernel] does not exist. in /home/simaskar/siapnaz.simaskarsen.id/vendor/laravel/framework/src/Illuminate/Container/Container.php:891
Stack trace:
#0 /home/simaskar/siapnaz.simaskarsen.id/vendor/laravel/framework/src/Illuminate/Container/Container.php(770): Illuminate\Container\Container->build()
#1 /home/simaskar/siapnaz.simaskarsen.id/vendor/laravel/framework/src/Illuminate/Foundation/Application.php(856): Illuminate\Container\Container->resolve()
#2 /home/simaskar/siapnaz.simaskarsen.id/vendor/laravel/framework/src/Illuminate/Container/Container.php(296): Illuminate\Foundation\Application->resolve()
#3 /home/simaskar/siapnaz.simaskarsen.id/vendor/laravel/framework/src/Illuminate/Container/Container.php(885): Illuminate\Container\Container->Illuminate\Container\{closure}()
#4 /home/simaskar/siapnaz.simaskarsen.id/vendor/laravel/framework/src/Illuminate/Container/Container.php(770): Illuminate\Container\Container->build()
#5 /home/simaskar/siapnaz.simaskarsen.id/vendor/laravel/framework/src/Illuminate/Foundation/Application.php(856): Illuminate\Container\Container->resolve()
#6 /home/simaskar/siapnaz.simaskarsen.id/vendor/laravel/framework/src/Illuminate/Container/Container.php(706): Illuminate\Foundation\Application->resolve()
#7 /home/simaskar/siapnaz.simaskarsen.id/vendor/laravel/framework/src/Illuminate/Foundation/Application.php(841): Illuminate\Container\Container->make()
#8 /home/simaskar/siapnaz.simaskarsen.id/index.php(49): Illuminate\Foundation\Application->make()
#9 {main}
  thrown in /home/simaskar/siapnaz.simaskarsen.id/vendor/laravel/framework/src/Illuminate/Container/Container.php on line 891
[24-Aug-2024 01:43:44 UTC] PHP Warning:  include(/home/simaskar/siapnaz.simaskarsen.id/vendor/composer/../../app/Http/Kernel.php): Failed to open stream: No such file or directory in /home/simaskar/siapnaz.simaskarsen.id/vendor/composer/ClassLoader.php on line 576
[24-Aug-2024 01:43:44 UTC] PHP Warning:  include(): Failed opening '/home/simaskar/siapnaz.simaskarsen.id/vendor/composer/../../app/Http/Kernel.php' for inclusion (include_path='.:/opt/alt/php80/usr/share/pear:/opt/alt/php80/usr/share/php:/usr/share/pear:/usr/share/php') in /home/simaskar/siapnaz.simaskarsen.id/vendor/composer/ClassLoader.php on line 576
[24-Aug-2024 01:43:44 UTC] PHP Fatal error:  Uncaught ReflectionException: Class "App\Http\Kernel" does not exist in /home/simaskar/siapnaz.simaskarsen.id/vendor/laravel/framework/src/Illuminate/Container/Container.php:889
Stack trace:
#0 /home/simaskar/siapnaz.simaskarsen.id/vendor/laravel/framework/src/Illuminate/Container/Container.php(889): ReflectionClass->__construct()
#1 /home/simaskar/siapnaz.simaskarsen.id/vendor/laravel/framework/src/Illuminate/Container/Container.php(770): Illuminate\Container\Container->build()
#2 /home/simaskar/siapnaz.simaskarsen.id/vendor/laravel/framework/src/Illuminate/Foundation/Application.php(856): Illuminate\Container\Container->resolve()
#3 /home/simaskar/siapnaz.simaskarsen.id/vendor/laravel/framework/src/Illuminate/Container/Container.php(296): Illuminate\Foundation\Application->resolve()
#4 /home/simaskar/siapnaz.simaskarsen.id/vendor/laravel/framework/src/Illuminate/Container/Container.php(885): Illuminate\Container\Container->Illuminate\Container\{closure}()
#5 /home/simaskar/siapnaz.simaskarsen.id/vendor/laravel/framework/src/Illuminate/Container/Container.php(770): Illuminate\Container\Container->build()
#6 /home/simaskar/siapnaz.simaskarsen.id/vendor/laravel/framework/src/Illuminate/Foundation/Application.php(856): Illuminate\Container\Container->resolve()
#7 /home/simaskar/siapnaz.simaskarsen.id/vendor/laravel/framework/src/Illuminate/Container/Container.php(706): Illuminate\Foundation\Application->resolve()
#8 /home/simaskar/siapnaz.simaskarsen.id/vendor/laravel/framework/src/Illuminate/Foundation/Application.php(841): Illuminate\Container\Container->make()
#9 /home/simaskar/siapnaz.simaskarsen.id/index.php(49): Illuminate\Foundation\Application->make()
#10 {main}

Next Illuminate\Contracts\Container\BindingResolutionException: Target class [App\Http\Kernel] does not exist. in /home/simaskar/siapnaz.simaskarsen.id/vendor/laravel/framework/src/Illuminate/Container/Container.php:891
Stack trace:
#0 /home/simaskar/siapnaz.simaskarsen.id/vendor/laravel/framework/src/Illuminate/Container/Container.php(770): Illuminate\Container\Container->build()
#1 /home/simaskar/siapnaz.simaskarsen.id/vendor/laravel/framework/src/Illuminate/Foundation/Application.php(856): Illuminate\Container\Container->resolve()
#2 /home/simaskar/siapnaz.simaskarsen.id/vendor/laravel/framework/src/Illuminate/Container/Container.php(296): Illuminate\Foundation\Application->resolve()
#3 /home/simaskar/siapnaz.simaskarsen.id/vendor/laravel/framework/src/Illuminate/Container/Container.php(885): Illuminate\Container\Container->Illuminate\Container\{closure}()
#4 /home/simaskar/siapnaz.simaskarsen.id/vendor/laravel/framework/src/Illuminate/Container/Container.php(770): Illuminate\Container\Container->build()
#5 /home/simaskar/siapnaz.simaskarsen.id/vendor/laravel/framework/src/Illuminate/Foundation/Application.php(856): Illuminate\Container\Container->resolve()
#6 /home/simaskar/siapnaz.simaskarsen.id/vendor/laravel/framework/src/Illuminate/Container/Container.php(706): Illuminate\Foundation\Application->resolve()
#7 /home/simaskar/siapnaz.simaskarsen.id/vendor/laravel/framework/src/Illuminate/Foundation/Application.php(841): Illuminate\Container\Container->make()
#8 /home/simaskar/siapnaz.simaskarsen.id/index.php(49): Illuminate\Foundation\Application->make()
#9 {main}
  thrown in /home/simaskar/siapnaz.simaskarsen.id/vendor/laravel/framework/src/Illuminate/Container/Container.php on line 891
[24-Aug-2024 01:43:45 UTC] PHP Warning:  include(/home/simaskar/siapnaz.simaskarsen.id/vendor/composer/../../app/Http/Kernel.php): Failed to open stream: No such file or directory in /home/simaskar/siapnaz.simaskarsen.id/vendor/composer/ClassLoader.php on line 576
[24-Aug-2024 01:43:45 UTC] PHP Warning:  include(): Failed opening '/home/simaskar/siapnaz.simaskarsen.id/vendor/composer/../../app/Http/Kernel.php' for inclusion (include_path='.:/opt/alt/php80/usr/share/pear:/opt/alt/php80/usr/share/php:/usr/share/pear:/usr/share/php') in /home/simaskar/siapnaz.simaskarsen.id/vendor/composer/ClassLoader.php on line 576
[24-Aug-2024 01:43:45 UTC] PHP Fatal error:  Uncaught ReflectionException: Class "App\Http\Kernel" does not exist in /home/simaskar/siapnaz.simaskarsen.id/vendor/laravel/framework/src/Illuminate/Container/Container.php:889
Stack trace:
#0 /home/simaskar/siapnaz.simaskarsen.id/vendor/laravel/framework/src/Illuminate/Container/Container.php(889): ReflectionClass->__construct()
#1 /home/simaskar/siapnaz.simaskarsen.id/vendor/laravel/framework/src/Illuminate/Container/Container.php(770): Illuminate\Container\Container->build()
#2 /home/simaskar/siapnaz.simaskarsen.id/vendor/laravel/framework/src/Illuminate/Foundation/Application.php(856): Illuminate\Container\Container->resolve()
#3 /home/simaskar/siapnaz.simaskarsen.id/vendor/laravel/framework/src/Illuminate/Container/Container.php(296): Illuminate\Foundation\Application->resolve()
#4 /home/simaskar/siapnaz.simaskarsen.id/vendor/laravel/framework/src/Illuminate/Container/Container.php(885): Illuminate\Container\Container->Illuminate\Container\{closure}()
#5 /home/simaskar/siapnaz.simaskarsen.id/vendor/laravel/framework/src/Illuminate/Container/Container.php(770): Illuminate\Container\Container->build()
#6 /home/simaskar/siapnaz.simaskarsen.id/vendor/laravel/framework/src/Illuminate/Foundation/Application.php(856): Illuminate\Container\Container->resolve()
#7 /home/simaskar/siapnaz.simaskarsen.id/vendor/laravel/framework/src/Illuminate/Container/Container.php(706): Illuminate\Foundation\Application->resolve()
#8 /home/simaskar/siapnaz.simaskarsen.id/vendor/laravel/framework/src/Illuminate/Foundation/Application.php(841): Illuminate\Container\Container->make()
#9 /home/simaskar/siapnaz.simaskarsen.id/index.php(49): Illuminate\Foundation\Application->make()
#10 {main}

Next Illuminate\Contracts\Container\BindingResolutionException: Target class [App\Http\Kernel] does not exist. in /home/simaskar/siapnaz.simaskarsen.id/vendor/laravel/framework/src/Illuminate/Container/Container.php:891
Stack trace:
#0 /home/simaskar/siapnaz.simaskarsen.id/vendor/laravel/framework/src/Illuminate/Container/Container.php(770): Illuminate\Container\Container->build()
#1 /home/simaskar/siapnaz.simaskarsen.id/vendor/laravel/framework/src/Illuminate/Foundation/Application.php(856): Illuminate\Container\Container->resolve()
#2 /home/simaskar/siapnaz.simaskarsen.id/vendor/laravel/framework/src/Illuminate/Container/Container.php(296): Illuminate\Foundation\Application->resolve()
#3 /home/simaskar/siapnaz.simaskarsen.id/vendor/laravel/framework/src/Illuminate/Container/Container.php(885): Illuminate\Container\Container->Illuminate\Container\{closure}()
#4 /home/simaskar/siapnaz.simaskarsen.id/vendor/laravel/framework/src/Illuminate/Container/Container.php(770): Illuminate\Container\Container->build()
#5 /home/simaskar/siapnaz.simaskarsen.id/vendor/laravel/framework/src/Illuminate/Foundation/Application.php(856): Illuminate\Container\Container->resolve()
#6 /home/simaskar/siapnaz.simaskarsen.id/vendor/laravel/framework/src/Illuminate/Container/Container.php(706): Illuminate\Foundation\Application->resolve()
#7 /home/simaskar/siapnaz.simaskarsen.id/vendor/laravel/framework/src/Illuminate/Foundation/Application.php(841): Illuminate\Container\Container->make()
#8 /home/simaskar/siapnaz.simaskarsen.id/index.php(49): Illuminate\Foundation\Application->make()
#9 {main}
  thrown in /home/simaskar/siapnaz.simaskarsen.id/vendor/laravel/framework/src/Illuminate/Container/Container.php on line 891
[24-Aug-2024 01:43:45 UTC] PHP Warning:  include(/home/simaskar/siapnaz.simaskarsen.id/vendor/composer/../../app/Http/Kernel.php): Failed to open stream: No such file or directory in /home/simaskar/siapnaz.simaskarsen.id/vendor/composer/ClassLoader.php on line 576
[24-Aug-2024 01:43:45 UTC] PHP Warning:  include(): Failed opening '/home/simaskar/siapnaz.simaskarsen.id/vendor/composer/../../app/Http/Kernel.php' for inclusion (include_path='.:/opt/alt/php80/usr/share/pear:/opt/alt/php80/usr/share/php:/usr/share/pear:/usr/share/php') in /home/simaskar/siapnaz.simaskarsen.id/vendor/composer/ClassLoader.php on line 576
[24-Aug-2024 01:43:45 UTC] PHP Fatal error:  Uncaught ReflectionException: Class "App\Http\Kernel" does not exist in /home/simaskar/siapnaz.simaskarsen.id/vendor/laravel/framework/src/Illuminate/Container/Container.php:889
Stack trace:
#0 /home/simaskar/siapnaz.simaskarsen.id/vendor/laravel/framework/src/Illuminate/Container/Container.php(889): ReflectionClass->__construct()
#1 /home/simaskar/siapnaz.simaskarsen.id/vendor/laravel/framework/src/Illuminate/Container/Container.php(770): Illuminate\Container\Container->build()
#2 /home/simaskar/siapnaz.simaskarsen.id/vendor/laravel/framework/src/Illuminate/Foundation/Application.php(856): Illuminate\Container\Container->resolve()
#3 /home/simaskar/siapnaz.simaskarsen.id/vendor/laravel/framework/src/Illuminate/Container/Container.php(296): Illuminate\Foundation\Application->resolve()
#4 /home/simaskar/siapnaz.simaskarsen.id/vendor/laravel/framework/src/Illuminate/Container/Container.php(885): Illuminate\Container\Container->Illuminate\Container\{closure}()
#5 /home/simaskar/siapnaz.simaskarsen.id/vendor/laravel/framework/src/Illuminate/Container/Container.php(770): Illuminate\Container\Container->build()
#6 /home/simaskar/siapnaz.simaskarsen.id/vendor/laravel/framework/src/Illuminate/Foundation/Application.php(856): Illuminate\Container\Container->resolve()
#7 /home/simaskar/siapnaz.simaskarsen.id/vendor/laravel/framework/src/Illuminate/Container/Container.php(706): Illuminate\Foundation\Application->resolve()
#8 /home/simaskar/siapnaz.simaskarsen.id/vendor/laravel/framework/src/Illuminate/Foundation/Application.php(841): Illuminate\Container\Container->make()
#9 /home/simaskar/siapnaz.simaskarsen.id/index.php(49): Illuminate\Foundation\Application->make()
#10 {main}

Next Illuminate\Contracts\Container\BindingResolutionException: Target class [App\Http\Kernel] does not exist. in /home/simaskar/siapnaz.simaskarsen.id/vendor/laravel/framework/src/Illuminate/Container/Container.php:891
Stack trace:
#0 /home/simaskar/siapnaz.simaskarsen.id/vendor/laravel/framework/src/Illuminate/Container/Container.php(770): Illuminate\Container\Container->build()
#1 /home/simaskar/siapnaz.simaskarsen.id/vendor/laravel/framework/src/Illuminate/Foundation/Application.php(856): Illuminate\Container\Container->resolve()
#2 /home/simaskar/siapnaz.simaskarsen.id/vendor/laravel/framework/src/Illuminate/Container/Container.php(296): Illuminate\Foundation\Application->resolve()
#3 /home/simaskar/siapnaz.simaskarsen.id/vendor/laravel/framework/src/Illuminate/Container/Container.php(885): Illuminate\Container\Container->Illuminate\Container\{closure}()
#4 /home/simaskar/siapnaz.simaskarsen.id/vendor/laravel/framework/src/Illuminate/Container/Container.php(770): Illuminate\Container\Container->build()
#5 /home/simaskar/siapnaz.simaskarsen.id/vendor/laravel/framework/src/Illuminate/Foundation/Application.php(856): Illuminate\Container\Container->resolve()
#6 /home/simaskar/siapnaz.simaskarsen.id/vendor/laravel/framework/src/Illuminate/Container/Container.php(706): Illuminate\Foundation\Application->resolve()
#7 /home/simaskar/siapnaz.simaskarsen.id/vendor/laravel/framework/src/Illuminate/Foundation/Application.php(841): Illuminate\Container\Container->make()
#8 /home/simaskar/siapnaz.simaskarsen.id/index.php(49): Illuminate\Foundation\Application->make()
#9 {main}
  thrown in /home/simaskar/siapnaz.simaskarsen.id/vendor/laravel/framework/src/Illuminate/Container/Container.php on line 891
[24-Aug-2024 01:43:45 UTC] PHP Warning:  include(/home/simaskar/siapnaz.simaskarsen.id/vendor/composer/../../app/Http/Kernel.php): Failed to open stream: No such file or directory in /home/simaskar/siapnaz.simaskarsen.id/vendor/composer/ClassLoader.php on line 576
[24-Aug-2024 01:43:45 UTC] PHP Warning:  include(): Failed opening '/home/simaskar/siapnaz.simaskarsen.id/vendor/composer/../../app/Http/Kernel.php' for inclusion (include_path='.:/opt/alt/php80/usr/share/pear:/opt/alt/php80/usr/share/php:/usr/share/pear:/usr/share/php') in /home/simaskar/siapnaz.simaskarsen.id/vendor/composer/ClassLoader.php on line 576
[24-Aug-2024 01:43:45 UTC] PHP Fatal error:  Uncaught ReflectionException: Class "App\Http\Kernel" does not exist in /home/simaskar/siapnaz.simaskarsen.id/vendor/laravel/framework/src/Illuminate/Container/Container.php:889
Stack trace:
#0 /home/simaskar/siapnaz.simaskarsen.id/vendor/laravel/framework/src/Illuminate/Container/Container.php(889): ReflectionClass->__construct()
#1 /home/simaskar/siapnaz.simaskarsen.id/vendor/laravel/framework/src/Illuminate/Container/Container.php(770): Illuminate\Container\Container->build()
#2 /home/simaskar/siapnaz.simaskarsen.id/vendor/laravel/framework/src/Illuminate/Foundation/Application.php(856): Illuminate\Container\Container->resolve()
#3 /home/simaskar/siapnaz.simaskarsen.id/vendor/laravel/framework/src/Illuminate/Container/Container.php(296): Illuminate\Foundation\Application->resolve()
#4 /home/simaskar/siapnaz.simaskarsen.id/vendor/laravel/framework/src/Illuminate/Container/Container.php(885): Illuminate\Container\Container->Illuminate\Container\{closure}()
#5 /home/simaskar/siapnaz.simaskarsen.id/vendor/laravel/framework/src/Illuminate/Container/Container.php(770): Illuminate\Container\Container->build()
#6 /home/simaskar/siapnaz.simaskarsen.id/vendor/laravel/framework/src/Illuminate/Foundation/Application.php(856): Illuminate\Container\Container->resolve()
#7 /home/simaskar/siapnaz.simaskarsen.id/vendor/laravel/framework/src/Illuminate/Container/Container.php(706): Illuminate\Foundation\Application->resolve()
#8 /home/simaskar/siapnaz.simaskarsen.id/vendor/laravel/framework/src/Illuminate/Foundation/Application.php(841): Illuminate\Container\Container->make()
#9 /home/simaskar/siapnaz.simaskarsen.id/index.php(49): Illuminate\Foundation\Application->make()
#10 {main}

Next Illuminate\Contracts\Container\BindingResolutionException: Target class [App\Http\Kernel] does not exist. in /home/simaskar/siapnaz.simaskarsen.id/vendor/laravel/framework/src/Illuminate/Container/Container.php:891
Stack trace:
#0 /home/simaskar/siapnaz.simaskarsen.id/vendor/laravel/framework/src/Illuminate/Container/Container.php(770): Illuminate\Container\Container->build()
#1 /home/simaskar/siapnaz.simaskarsen.id/vendor/laravel/framework/src/Illuminate/Foundation/Application.php(856): Illuminate\Container\Container->resolve()
#2 /home/simaskar/siapnaz.simaskarsen.id/vendor/laravel/framework/src/Illuminate/Container/Container.php(296): Illuminate\Foundation\Application->resolve()
#3 /home/simaskar/siapnaz.simaskarsen.id/vendor/laravel/framework/src/Illuminate/Container/Container.php(885): Illuminate\Container\Container->Illuminate\Container\{closure}()
#4 /home/simaskar/siapnaz.simaskarsen.id/vendor/laravel/framework/src/Illuminate/Container/Container.php(770): Illuminate\Container\Container->build()
#5 /home/simaskar/siapnaz.simaskarsen.id/vendor/laravel/framework/src/Illuminate/Foundation/Application.php(856): Illuminate\Container\Container->resolve()
#6 /home/simaskar/siapnaz.simaskarsen.id/vendor/laravel/framework/src/Illuminate/Container/Container.php(706): Illuminate\Foundation\Application->resolve()
#7 /home/simaskar/siapnaz.simaskarsen.id/vendor/laravel/framework/src/Illuminate/Foundation/Application.php(841): Illuminate\Container\Container->make()
#8 /home/simaskar/siapnaz.simaskarsen.id/index.php(49): Illuminate\Foundation\Application->make()
#9 {main}
  thrown in /home/simaskar/siapnaz.simaskarsen.id/vendor/laravel/framework/src/Illuminate/Container/Container.php on line 891
